<testsuites id="" name="" tests="1" failures="0" skipped="0" errors="0" time="8.172714">
<testsuite name="tests\login.spec.js" timestamp="2026-05-16T06:44:15.829Z" hostname="" tests="1" failures="0" skipped="0" time="3.245" errors="0">
<testcase name="login success test" classname="tests\login.spec.js" time="3.245">
<system-out>
<![CDATA[
[[ATTACHMENT|test-results\tests-login-login-success-test\test-finished-1.png]]

[[ATTACHMENT|test-results\tests-login-login-success-test\video.webm]]

[[ATTACHMENT|test-results\tests-login-login-success-test\trace.zip]]
]]>
</system-out>
</testcase>
</testsuite>
</testsuites>